<?xml version="1.0" encoding="UTF-8"?>
<!-- Generated by org.testng.reporters.JUnitReportReporter -->
<testsuite skipped="0" hostname="nightowl-ThinkCentre-E73" name="com.testautomation.container.test.GoogleTest" tests="1" failures="0" timestamp="05 Jul 2019 19:36:23 GMT" time="1.565" errors="0">
  <testcase name="googleTest" time="1.565" classname="com.testautomation.container.test.GoogleTest"/>
</testsuite> <!-- com.testautomation.container.test.GoogleTest -->
